GROUP,PACKAGE,CLASS,INSTRUCTION_MISSED,INSTRUCTION_COVERED,BRANCH_MISSED,BRANCH_COVERED,LINE_MISSED,LINE_COVERED,COMPLEXITY_MISSED,COMPLEXITY_COVERED,METHOD_MISSED,METHOD_COVERED
Toolbox,scot.carricksoftware.hansen.factories,HansenFactoryImpl,3,0,0,0,1,0,1,0,1,0
Toolbox,scot.carricksoftware.hansen,HansenApplication,0,5,0,0,0,2,0,1,0,1
Toolbox,scot.carricksoftware.hansen.logger,HansenLoggerFactoryImpl,6,8,0,0,3,2,3,2,3,2
Toolbox,scot.carricksoftware.hansen.logger,HansenLoggerImpl,8,3,0,0,2,1,2,1,2,1
