<?xml version="1.0" encoding="UTF-8"?>
<testsuite xmlns:xsi="http://www.w3.org/2001/XMLSchema-instance" xsi:noNamespaceSchemaLocation="https://maven.apache.org/surefire/maven-surefire-plugin/xsd/surefire-test-report.xsd" name="scot.carricksoftware.hansen.TestSuite" time="0.059" tests="4" errors="0" skipped="0" failures="0">
  <properties>
[...]
</properties>
  <testcase name="nothing" classname="scot.carricksoftware.hansen.factories.HansenFactoryImplTest" time="0.001"/>
  <testcase name="nothing" classname="scot.carricksoftware.hansen.logger.ApplicationLoggerImplTest" time="0"/>
  <testcase name="nothing" classname="scot.carricksoftware.hansen.logger.ApplicationLoggerFactoryImplTest" time="0"/>
  <testcase name="contextLoads" classname="scot.carricksoftware.hansen.HansenApplicationTest" time="0.058"/>
</testsuite>